<?xml version="1.0" encoding="UTF-8"?>
<testsuite xmlns:xsi="http://www.w3.org/2001/XMLSchema-instance" xsi:schemaLocation="https://maven.apache.org/surefire/maven-surefire-plugin/xsd/surefire-test-report.xsd" name="com.ncorp.selenium.SeleniumDockerIT" time="45.609" tests="1" errors="1" skipped="0" failures="0">
  <properties>
[...]
</properties>
  <testcase name="com.ncorp.selenium.SeleniumDockerIT" classname="com.ncorp.selenium.SeleniumDockerIT" time="45.609">
    <error message="Container startup failed" type="org.testcontainers.containers.ContainerLaunchException">org.testcontainers.containers.ContainerLaunchException: Container startup failed
Caused by: org.rnorth.ducttape.RetryCountExceededException: Retry limit hit with exception
Caused by: java.lang.NullPointerException: containerId was not specified
</error>
    <system-out><![CDATA[21:44:38.912 [main] INFO  org.springframework.test.context.support.AbstractContextLoader - Could not detect default resource locations for test class [com.ncorp.selenium.SeleniumDockerIT]: no resource found for suffixes {-context.xml, Context.groovy}.
21:44:38.917 [main] INFO  org.springframework.boot.test.context.SpringBootTestContextBootstrapper - Loaded default TestExecutionListener class names from location [META-INF/spring.factories]: [org.springframework.boot.test.mock.mockito.MockitoTestExecutionListener, org.springframework.boot.test.mock.mockito.ResetMocksTestExecutionListener, org.springframework.boot.test.autoconfigure.restdocs.RestDocsTestExecutionListener, org.springframework.boot.test.autoconfigure.web.client.MockRestServiceServerResetTestExecutionListener, org.springframework.boot.test.autoconfigure.web.servlet.MockMvcPrintOnlyOnFailureTestExecutionListener, org.springframework.boot.test.autoconfigure.web.servlet.WebDriverTestExecutionListener, org.springframework.test.context.web.ServletTestExecutionListener, org.springframework.test.context.support.DirtiesContextBeforeModesTestExecutionListener, org.springframework.test.context.support.DependencyInjectionTestExecutionListener, org.springframework.test.context.support.DirtiesContextTestExecutionListener, org.springframework.test.context.transaction.TransactionalTestExecutionListener, org.springframework.test.context.jdbc.SqlScriptsTestExecutionListener]
21:44:38.919 [main] INFO  org.springframework.boot.test.context.SpringBootTestContextBootstrapper - Using TestExecutionListeners: [org.springframework.test.context.web.ServletTestExecutionListener@56cc7c1c, org.springframework.test.context.support.DirtiesContextBeforeModesTestExecutionListener@9bb7d3f, org.springframework.boot.test.autoconfigure.SpringBootDependencyInjectionTestExecutionListener@fb43fed, org.springframework.test.context.support.DirtiesContextTestExecutionListener@66c1774f, org.springframework.test.context.transaction.TransactionalTestExecutionListener@53d8cb17, org.springframework.test.context.jdbc.SqlScriptsTestExecutionListener@15816d6, org.springframework.boot.test.autoconfigure.restdocs.RestDocsTestExecutionListener@2f3d1a47, org.springframework.boot.test.mock.mockito.ResetMocksTestExecutionListener@422b7be0, org.springframework.boot.test.autoconfigure.web.servlet.WebDriverTestExecutionListener@573e90c1, org.springframework.boot.test.mock.mockito.MockitoTestExecutionListener@1691d256, org.springframework.boot.test.autoconfigure.web.client.MockRestServiceServerResetTestExecutionListener@51391de1, org.springframework.boot.test.autoconfigure.web.servlet.MockMvcPrintOnlyOnFailureTestExecutionListener@4854985d]
21:44:39.842 [main] INFO  org.testcontainers.dockerclient.EnvironmentAndSystemPropertyClientProviderStrategy - Found docker client settings from environment
21:44:39.873 [main] INFO  org.testcontainers.dockerclient.DockerClientProviderStrategy - Found Docker environment with Environment variables, system properties and defaults. Resolved: 
    dockerHost=unix:///var/run/docker.sock
    apiVersion='{UNKNOWN_VERSION}'
    registryUrl='https://index.docker.io/v1/'
    registryUsername='nima'
    registryPassword='null'
    registryEmail='null'
    dockerConfig='DefaultDockerClientConfig[dockerHost=unix:///var/run/docker.sock,registryUsername=nima,registryPassword=<null>,registryEmail=<null>,registryUrl=https://index.docker.io/v1/,dockerConfig=/home/nima/.docker,sslConfig=<null>,apiVersion={UNKNOWN_VERSION}]'

21:44:39.877 [main] INFO  org.testcontainers.DockerClientFactory - Docker host IP address is localhost
21:44:40.208 [main] INFO  org.testcontainers.DockerClientFactory - Connected to docker: 
  Server Version: 17.06.2-ce
  API Version: 1.30
  Operating System: Ubuntu Core 16
  Total Memory: 7888 MB
21:44:44.656 [main] INFO  org.testcontainers.DockerClientFactory - Ryuk started - will monitor and terminate Testcontainers containers on JVM exit
        &amp#27;[37m&amp#27;[1mℹ︎ Checking the system...&amp#27;[0m&amp#27;[0m
        &amp#27;[32m✔ Docker version should be at least 1.6.0&amp#27;[0m
        &amp#27;[32m✔ Docker environment should have more than 2GB free disk space&amp#27;[0m
        &amp#27;[32m✔ File should be mountable&amp#27;[0m
21:44:44.896 [main] INFO  🐳 [postgres:10] - Pulling docker image: postgres:10. Please be patient; this may take some time but only needs to be done once.
21:45:24.464 [main] INFO  🐳 [postgres:10] - Creating container for image: postgres:10
21:45:24.497 [dockerjava-netty-1-15] ERROR com.github.dockerjava.core.async.ResultCallbackTemplate - Error during callback
com.github.dockerjava.api.exception.InternalServerErrorException: {"message":"could not find an available, non-overlapping IPv4 address pool among the defaults to assign to the network"}

	at com.github.dockerjava.netty.handler.HttpResponseHandler.channelRead0(HttpResponseHandler.java:109)
	at com.github.dockerjava.netty.handler.HttpResponseHandler.channelRead0(HttpResponseHandler.java:33)
	at org.testcontainers.shaded.io.netty.channel.SimpleChannelInboundHandler.channelRead(SimpleChannelInboundHandler.java:105)
	at org.testcontainers.shaded.io.netty.channel.AbstractChannelHandlerContext.invokeChannelRead(AbstractChannelHandlerContext.java:362)
	at org.testcontainers.shaded.io.netty.channel.AbstractChannelHandlerContext.invokeChannelRead(AbstractChannelHandlerContext.java:348)
	at org.testcontainers.shaded.io.netty.channel.AbstractChannelHandlerContext.fireChannelRead(AbstractChannelHandlerContext.java:340)
	at org.testcontainers.shaded.io.netty.handler.logging.LoggingHandler.channelRead(LoggingHandler.java:241)
	at org.testcontainers.shaded.io.netty.channel.AbstractChannelHandlerContext.invokeChannelRead(AbstractChannelHandlerContext.java:362)
	at org.testcontainers.shaded.io.netty.channel.AbstractChannelHandlerContext.invokeChannelRead(AbstractChannelHandlerContext.java:348)
	at org.testcontainers.shaded.io.netty.channel.AbstractChannelHandlerContext.fireChannelRead(AbstractChannelHandlerContext.java:340)
	at org.testcontainers.shaded.io.netty.channel.CombinedChannelDuplexHandler$DelegatingChannelHandlerContext.fireChannelRead(CombinedChannelDuplexHandler.java:438)
	at org.testcontainers.shaded.io.netty.handler.codec.ByteToMessageDecoder.fireChannelRead(ByteToMessageDecoder.java:310)
	at org.testcontainers.shaded.io.netty.handler.codec.ByteToMessageDecoder.channelRead(ByteToMessageDecoder.java:284)
	at org.testcontainers.shaded.io.netty.channel.CombinedChannelDuplexHandler.channelRead(CombinedChannelDuplexHandler.java:253)
	at org.testcontainers.shaded.io.netty.channel.AbstractChannelHandlerContext.invokeChannelRead(AbstractChannelHandlerContext.java:362)
	at org.testcontainers.shaded.io.netty.channel.AbstractChannelHandlerContext.invokeChannelRead(AbstractChannelHandlerContext.java:348)
	at org.testcontainers.shaded.io.netty.channel.AbstractChannelHandlerContext.fireChannelRead(AbstractChannelHandlerContext.java:340)
	at org.testcontainers.shaded.io.netty.channel.DefaultChannelPipeline$HeadContext.channelRead(DefaultChannelPipeline.java:1334)
	at org.testcontainers.shaded.io.netty.channel.AbstractChannelHandlerContext.invokeChannelRead(AbstractChannelHandlerContext.java:362)
	at org.testcontainers.shaded.io.netty.channel.AbstractChannelHandlerContext.invokeChannelRead(AbstractChannelHandlerContext.java:348)
	at org.testcontainers.shaded.io.netty.channel.DefaultChannelPipeline.fireChannelRead(DefaultChannelPipeline.java:926)
	at org.testcontainers.shaded.io.netty.channel.epoll.AbstractEpollStreamChannel$EpollStreamUnsafe.epollInReady(AbstractEpollStreamChannel.java:997)
	at org.testcontainers.shaded.io.netty.channel.epoll.EpollDomainSocketChannel$EpollDomainUnsafe.epollInReady(EpollDomainSocketChannel.java:138)
	at org.testcontainers.shaded.io.netty.channel.epoll.EpollEventLoop.processReady(EpollEventLoop.java:401)
	at org.testcontainers.shaded.io.netty.channel.epoll.EpollEventLoop.run(EpollEventLoop.java:306)
	at org.testcontainers.shaded.io.netty.util.concurrent.SingleThreadEventExecutor$5.run(SingleThreadEventExecutor.java:858)
	at org.testcontainers.shaded.io.netty.util.concurrent.DefaultThreadFactory$DefaultRunnableDecorator.run(DefaultThreadFactory.java:138)
	at java.lang.Thread.run(Thread.java:748)
21:45:24.500 [main] ERROR 🐳 [postgres:10] - Could not start container
java.lang.reflect.UndeclaredThrowableException: null
	at com.sun.proxy.$Proxy148.exec(Unknown Source)
	at org.testcontainers.containers.Network$NetworkImpl.create(Network.java:88)
	at org.testcontainers.containers.Network$NetworkImpl.getId(Network.java:59)
	at org.testcontainers.containers.GenericContainer.applyConfiguration(GenericContainer.java:452)
	at org.testcontainers.containers.GenericContainer.tryStart(GenericContainer.java:213)
	at org.testcontainers.containers.GenericContainer.lambda$start$0(GenericContainer.java:194)
	at org.rnorth.ducttape.unreliables.Unreliables.retryUntilSuccess(Unreliables.java:76)
	at org.testcontainers.containers.GenericContainer.start(GenericContainer.java:192)
	at org.testcontainers.containers.GenericContainer.starting(GenericContainer.java:628)
	at org.testcontainers.containers.FailureDetectingExternalResource$1.evaluate(FailureDetectingExternalResource.java:29)
	at org.junit.rules.RunRules.evaluate(RunRules.java:20)
	at org.junit.runners.ParentRunner.run(ParentRunner.java:363)
	at org.springframework.test.context.junit4.SpringJUnit4ClassRunner.run(SpringJUnit4ClassRunner.java:191)
	at org.apache.maven.surefire.junit4.JUnit4Provider.execute(JUnit4Provider.java:367)
	at org.apache.maven.surefire.junit4.JUnit4Provider.executeWithRerun(JUnit4Provider.java:274)
	at org.apache.maven.surefire.junit4.JUnit4Provider.executeTestSet(JUnit4Provider.java:238)
	at org.apache.maven.surefire.junit4.JUnit4Provider.invoke(JUnit4Provider.java:161)
	at org.apache.maven.surefire.booter.ForkedBooter.invokeProviderInSameClassLoader(ForkedBooter.java:290)
	at org.apache.maven.surefire.booter.ForkedBooter.runSuitesInProcess(ForkedBooter.java:242)
	at org.apache.maven.surefire.booter.ForkedBooter.main(ForkedBooter.java:121)
Caused by: java.lang.reflect.InvocationTargetException: null
	at sun.reflect.NativeMethodAccessorImpl.invoke0(Native Method)
	at sun.reflect.NativeMethodAccessorImpl.invoke(NativeMethodAccessorImpl.java:62)
	at sun.reflect.DelegatingMethodAccessorImpl.invoke(DelegatingMethodAccessorImpl.java:43)
	at java.lang.reflect.Method.invoke(Method.java:498)
	at org.testcontainers.dockerclient.AuditLoggingDockerClient.lambda$wrappedCommand$14(AuditLoggingDockerClient.java:98)
	... 20 common frames omitted
Caused by: com.github.dockerjava.api.exception.InternalServerErrorException: {"message":"could not find an available, non-overlapping IPv4 address pool among the defaults to assign to the network"}

	at com.github.dockerjava.netty.handler.HttpResponseHandler.channelRead0(HttpResponseHandler.java:109)
	at com.github.dockerjava.netty.handler.HttpResponseHandler.channelRead0(HttpResponseHandler.java:33)
	at org.testcontainers.shaded.io.netty.channel.SimpleChannelInboundHandler.channelRead(SimpleChannelInboundHandler.java:105)
	at org.testcontainers.shaded.io.netty.channel.AbstractChannelHandlerContext.invokeChannelRead(AbstractChannelHandlerContext.java:362)
	at org.testcontainers.shaded.io.netty.channel.AbstractChannelHandlerContext.invokeChannelRead(AbstractChannelHandlerContext.java:348)
	at org.testcontainers.shaded.io.netty.channel.AbstractChannelHandlerContext.fireChannelRead(AbstractChannelHandlerContext.java:340)
	at org.testcontainers.shaded.io.netty.handler.logging.LoggingHandler.channelRead(LoggingHandler.java:241)
	at org.testcontainers.shaded.io.netty.channel.AbstractChannelHandlerContext.invokeChannelRead(AbstractChannelHandlerContext.java:362)
	at org.testcontainers.shaded.io.netty.channel.AbstractChannelHandlerContext.invokeChannelRead(AbstractChannelHandlerContext.java:348)
	at org.testcontainers.shaded.io.netty.channel.AbstractChannelHandlerContext.fireChannelRead(AbstractChannelHandlerContext.java:340)
	at org.testcontainers.shaded.io.netty.channel.CombinedChannelDuplexHandler$DelegatingChannelHandlerContext.fireChannelRead(CombinedChannelDuplexHandler.java:438)
	at org.testcontainers.shaded.io.netty.handler.codec.ByteToMessageDecoder.fireChannelRead(ByteToMessageDecoder.java:310)
	at org.testcontainers.shaded.io.netty.handler.codec.ByteToMessageDecoder.channelRead(ByteToMessageDecoder.java:284)
	at org.testcontainers.shaded.io.netty.channel.CombinedChannelDuplexHandler.channelRead(CombinedChannelDuplexHandler.java:253)
	at org.testcontainers.shaded.io.netty.channel.AbstractChannelHandlerContext.invokeChannelRead(AbstractChannelHandlerContext.java:362)
	at org.testcontainers.shaded.io.netty.channel.AbstractChannelHandlerContext.invokeChannelRead(AbstractChannelHandlerContext.java:348)
	at org.testcontainers.shaded.io.netty.channel.AbstractChannelHandlerContext.fireChannelRead(AbstractChannelHandlerContext.java:340)
	at org.testcontainers.shaded.io.netty.channel.DefaultChannelPipeline$HeadContext.channelRead(DefaultChannelPipeline.java:1334)
	at org.testcontainers.shaded.io.netty.channel.AbstractChannelHandlerContext.invokeChannelRead(AbstractChannelHandlerContext.java:362)
	at org.testcontainers.shaded.io.netty.channel.AbstractChannelHandlerContext.invokeChannelRead(AbstractChannelHandlerContext.java:348)
	at org.testcontainers.shaded.io.netty.channel.DefaultChannelPipeline.fireChannelRead(DefaultChannelPipeline.java:926)
	at org.testcontainers.shaded.io.netty.channel.epoll.AbstractEpollStreamChannel$EpollStreamUnsafe.epollInReady(AbstractEpollStreamChannel.java:997)
	at org.testcontainers.shaded.io.netty.channel.epoll.EpollDomainSocketChannel$EpollDomainUnsafe.epollInReady(EpollDomainSocketChannel.java:138)
	at org.testcontainers.shaded.io.netty.channel.epoll.EpollEventLoop.processReady(EpollEventLoop.java:401)
	at org.testcontainers.shaded.io.netty.channel.epoll.EpollEventLoop.run(EpollEventLoop.java:306)
	at org.testcontainers.shaded.io.netty.util.concurrent.SingleThreadEventExecutor$5.run(SingleThreadEventExecutor.java:858)
	at org.testcontainers.shaded.io.netty.util.concurrent.DefaultThreadFactory$DefaultRunnableDecorator.run(DefaultThreadFactory.java:138)
	at java.lang.Thread.run(Thread.java:748)
21:45:24.501 [main] ERROR 🐳 [postgres:10] - Container log output (if any) will follow:
]]></system-out>
  </testcase>
</testsuite>